2018-11-11 20:42:12,897 [Worker-0] INFO  c.g.t.t.d.PublishedGradleVersions - Gradle version information cache is up-to-date. Trying to read.
2018-11-11 20:43:54,785 [Worker-1] INFO  o.e.m.c.i.l.LifecycleMappingFactory - Using org.eclipse.m2e.jdt.JarLifecycleMapping lifecycle mapping for MavenProject: ro.ase.ism:ibm:0.0.1-SNAPSHOT @ C:\Users\Ana-Maria\Documents\GitHub\HackatonBasicRepository\IBMIoT\ibm\pom.xml.
2018-11-11 20:43:54,785 [Worker-3] INFO  o.e.m.c.i.l.LifecycleMappingFactory - Using org.eclipse.m2e.jdt.JarLifecycleMapping lifecycle mapping for MavenProject: ro.ase.ism:ibm:0.0.1-SNAPSHOT @ C:\Users\Ana-Maria\Documents\GitHub\HackatonBasicRepository\IBMIoT\ibm\pom.xml.
2018-11-11 20:43:59,035 [Worker-1] INFO  o.e.m.c.i.embedder.EclipseLogger - Using 'UTF-8' encoding to copy filtered resources.
2018-11-11 20:43:59,035 [Worker-1] INFO  o.e.m.c.i.embedder.EclipseLogger - skip non existing resourceDirectory C:\Users\Ana-Maria\Documents\GitHub\HackatonBasicRepository\IBMIoT\ibm\src\main\resources
2018-11-11 20:43:59,035 [Worker-1] INFO  o.e.m.c.i.embedder.EclipseLogger - Using 'UTF-8' encoding to copy filtered resources.
2018-11-11 20:43:59,035 [Worker-1] INFO  o.e.m.c.i.embedder.EclipseLogger - skip non existing resourceDirectory C:\Users\Ana-Maria\Documents\GitHub\HackatonBasicRepository\IBMIoT\ibm\src\test\resources
2018-11-11 20:44:01,999 [Worker-1] INFO  o.e.m.c.i.embedder.EclipseLogger - Using 'UTF-8' encoding to copy filtered resources.
2018-11-11 20:44:01,999 [Worker-1] INFO  o.e.m.c.i.embedder.EclipseLogger - skip non existing resourceDirectory C:\Users\Ana-Maria\Documents\GitHub\HackatonBasicRepository\IBMIoT\ibm\src\main\resources
2018-11-11 20:44:03,006 [Worker-12] INFO  o.e.m.c.i.l.LifecycleMappingFactory - Using org.eclipse.m2e.jdt.JarLifecycleMapping lifecycle mapping for MavenProject: ro.ase.ism:ibm:0.0.1-SNAPSHOT @ C:\Users\Ana-Maria\Documents\GitHub\HackatonBasicRepository\IBMIoT\ibm\pom.xml.
2018-11-11 20:44:03,037 [Worker-1] INFO  o.e.m.c.i.embedder.EclipseLogger - Using 'UTF-8' encoding to copy filtered resources.
2018-11-11 20:44:03,037 [Worker-1] INFO  o.e.m.c.i.embedder.EclipseLogger - skip non existing resourceDirectory C:\Users\Ana-Maria\Documents\GitHub\HackatonBasicRepository\IBMIoT\ibm\src\test\resources
2018-11-11 20:44:04,191 [Worker-2] INFO  o.e.m.c.i.embedder.EclipseLogger - Using 'UTF-8' encoding to copy filtered resources.
2018-11-11 20:44:04,191 [Worker-2] INFO  o.e.m.c.i.embedder.EclipseLogger - skip non existing resourceDirectory C:\Users\Ana-Maria\Documents\GitHub\HackatonBasicRepository\IBMIoT\ibm\src\main\resources
2018-11-11 20:44:04,191 [Worker-2] INFO  o.e.m.c.i.embedder.EclipseLogger - Using 'UTF-8' encoding to copy filtered resources.
2018-11-11 20:44:04,191 [Worker-2] INFO  o.e.m.c.i.embedder.EclipseLogger - skip non existing resourceDirectory C:\Users\Ana-Maria\Documents\GitHub\HackatonBasicRepository\IBMIoT\ibm\src\test\resources
2018-11-11 20:44:06,270 [Worker-15] INFO  o.e.m.c.i.embedder.EclipseLogger - Using 'UTF-8' encoding to copy filtered resources.
2018-11-11 20:44:06,270 [Worker-15] INFO  o.e.m.c.i.embedder.EclipseLogger - skip non existing resourceDirectory C:\Users\Ana-Maria\Documents\GitHub\HackatonBasicRepository\IBMIoT\ibm\src\main\resources
2018-11-11 20:44:06,270 [Worker-15] INFO  o.e.m.c.i.embedder.EclipseLogger - Using 'UTF-8' encoding to copy filtered resources.
2018-11-11 20:44:06,270 [Worker-15] INFO  o.e.m.c.i.embedder.EclipseLogger - skip non existing resourceDirectory C:\Users\Ana-Maria\Documents\GitHub\HackatonBasicRepository\IBMIoT\ibm\src\test\resources
